"2024-06-03 18:11:03 [main] INFO  c.s.TestAdminController - Starting TestAdminController using Java 21.0.2 with PID 37192 (started by sundhar.soundhar in D:\micro-project\back-end\sb-academic-evo)
""2024-06-03 18:11:03 [main] INFO  c.s.TestAdminController - No active profile set, falling back to 1 default profile: "default"
""2024-06-03 18:11:03 [main] INFO  o.s.d.r.c.RepositoryConfigurationDelegate - Bootstrapping Spring Data JPA repositories in DEFAULT mode.
""2024-06-03 18:11:03 [main] INFO  o.s.d.r.c.RepositoryConfigurationDelegate - Finished Spring Data repository scanning in 20 ms. Found 0 JPA repository interfaces.
""2024-06-03 18:11:04 [main] WARN  o.s.c.s.PostProcessorRegistrationDelegate$BeanPostProcessorChecker - Bean 'org.springframework.ws.config.annotation.DelegatingWsConfiguration' of type [org.springframework.ws.config.annotation.DelegatingWsConfiguration$$SpringCGLIB$$0] is not eligible for getting processed by all BeanPostProcessors (for example: not eligible for auto-proxying). The currently created BeanPostProcessor [annotationActionEndpointMapping] is declared through a non-static factory method on that class; consider declaring it as static instead.
""2024-06-03 18:11:04 [main] INFO  o.s.w.s.a.s.AnnotationActionEndpointMapping - Supporting [WS-Addressing August 2004, WS-Addressing 1.0]
""2024-06-03 18:11:04 [main] INFO  o.h.jpa.internal.util.LogHelper - HHH000204: Processing PersistenceUnitInfo [name: default]
""2024-06-03 18:11:04 [main] INFO  org.hibernate.Version - HHH000412: Hibernate ORM core version 6.5.2.Final
""2024-06-03 18:11:04 [main] INFO  o.h.c.i.RegionFactoryInitiator - HHH000026: Second-level cache disabled
""2024-06-03 18:11:04 [main] INFO  o.s.o.j.p.SpringPersistenceUnitInfo - No LoadTimeWeaver setup: ignoring JPA class transformer
""2024-06-03 18:11:04 [main] INFO  com.zaxxer.hikari.HikariDataSource - HikariPool-1 - Starting...
""2024-06-03 18:11:05 [main] INFO  com.zaxxer.hikari.pool.HikariPool - HikariPool-1 - Added connection com.mysql.cj.jdbc.ConnectionImpl@6b0325d0
""2024-06-03 18:11:05 [main] INFO  com.zaxxer.hikari.HikariDataSource - HikariPool-1 - Start completed.
""2024-06-03 18:11:06 [main] INFO  o.h.e.t.j.p.i.JtaPlatformInitiator - HHH000489: No JTA platform available (set 'hibernate.transaction.jta.platform' to enable JTA platform integration)
""2024-06-03 18:11:06 [main] INFO  o.s.o.j.LocalContainerEntityManagerFactoryBean - Initialized JPA EntityManagerFactory for persistence unit 'default'
""2024-06-03 18:11:06 [main] WARN  o.s.b.a.o.j.JpaBaseConfiguration$JpaWebConfiguration - spring.jpa.open-in-view is enabled by default. Therefore, database queries may be performed during view rendering. Explicitly configure spring.jpa.open-in-view to disable this warning
""2024-06-03 18:11:07 [main] INFO  c.s.TestAdminController - Started TestAdminController in 4.624 seconds (process running for 6.742)
""2024-06-03 18:11:10 [main] INFO  o.s.t.c.s.AnnotationConfigContextLoaderUtils - Could not detect default configuration classes for test class [com.sb_academic_evo.TestStaffController]: TestStaffController does not declare any static, non-private, non-final, nested classes annotated with @Configuration.
""2024-06-03 18:11:10 [main] INFO  o.s.b.t.c.SpringBootTestContextBootstrapper - Found @SpringBootConfiguration com.sb_academic_evo.SbAcademicEvoApplication for test class com.sb_academic_evo.TestStaffController
""2024-06-03 18:11:10 [main] INFO  o.s.t.c.s.AnnotationConfigContextLoaderUtils - Could not detect default configuration classes for test class [com.sb_academic_evo.TestStudentController]: TestStudentController does not declare any static, non-private, non-final, nested classes annotated with @Configuration.
""2024-06-03 18:11:10 [main] INFO  o.s.b.t.c.SpringBootTestContextBootstrapper - Found @SpringBootConfiguration com.sb_academic_evo.SbAcademicEvoApplication for test class com.sb_academic_evo.TestStudentController
""2024-06-03 18:11:10 [SpringApplicationShutdownHook] INFO  o.s.o.j.LocalContainerEntityManagerFactoryBean - Closing JPA EntityManagerFactory for persistence unit 'default'
""2024-06-03 18:11:10 [SpringApplicationShutdownHook] INFO  com.zaxxer.hikari.HikariDataSource - HikariPool-1 - Shutdown initiated...
""2024-06-03 18:11:10 [SpringApplicationShutdownHook] INFO  com.zaxxer.hikari.HikariDataSource - HikariPool-1 - Shutdown completed.
""2024-06-03 18:20:26 [main] INFO  c.s.TestAdminController - Starting TestAdminController using Java 17.0.10 with PID 33780 (started by sundhar.soundhar in D:\micro-project\back-end\sb-academic-evo)
""2024-06-03 18:20:26 [main] INFO  c.s.TestAdminController - No active profile set, falling back to 1 default profile: "default"
""2024-06-03 18:20:27 [main] INFO  o.s.d.r.c.RepositoryConfigurationDelegate - Bootstrapping Spring Data JPA repositories in DEFAULT mode.
""2024-06-03 18:20:27 [main] INFO  o.s.d.r.c.RepositoryConfigurationDelegate - Finished Spring Data repository scanning in 23 ms. Found 0 JPA repository interfaces.
""2024-06-03 18:20:27 [main] WARN  o.s.c.s.PostProcessorRegistrationDelegate$BeanPostProcessorChecker - Bean 'org.springframework.ws.config.annotation.DelegatingWsConfiguration' of type [org.springframework.ws.config.annotation.DelegatingWsConfiguration$$SpringCGLIB$$0] is not eligible for getting processed by all BeanPostProcessors (for example: not eligible for auto-proxying). The currently created BeanPostProcessor [annotationActionEndpointMapping] is declared through a non-static factory method on that class; consider declaring it as static instead.
""2024-06-03 18:20:27 [main] INFO  o.s.w.s.a.s.AnnotationActionEndpointMapping - Supporting [WS-Addressing August 2004, WS-Addressing 1.0]
""2024-06-03 18:20:27 [main] INFO  o.h.jpa.internal.util.LogHelper - HHH000204: Processing PersistenceUnitInfo [name: default]
""2024-06-03 18:20:27 [main] INFO  org.hibernate.Version - HHH000412: Hibernate ORM core version 6.5.2.Final
""2024-06-03 18:20:27 [main] INFO  o.h.c.i.RegionFactoryInitiator - HHH000026: Second-level cache disabled
""2024-06-03 18:20:28 [main] INFO  o.s.o.j.p.SpringPersistenceUnitInfo - No LoadTimeWeaver setup: ignoring JPA class transformer
""2024-06-03 18:20:28 [main] INFO  com.zaxxer.hikari.HikariDataSource - HikariPool-1 - Starting...
""2024-06-03 18:20:28 [main] INFO  com.zaxxer.hikari.pool.HikariPool - HikariPool-1 - Added connection com.mysql.cj.jdbc.ConnectionImpl@26f5e45d
""2024-06-03 18:20:28 [main] INFO  com.zaxxer.hikari.HikariDataSource - HikariPool-1 - Start completed.
""2024-06-03 18:20:30 [main] INFO  o.h.e.t.j.p.i.JtaPlatformInitiator - HHH000489: No JTA platform available (set 'hibernate.transaction.jta.platform' to enable JTA platform integration)
""2024-06-03 18:20:30 [main] INFO  o.s.o.j.LocalContainerEntityManagerFactoryBean - Initialized JPA EntityManagerFactory for persistence unit 'default'
""2024-06-03 18:20:30 [main] WARN  o.s.b.a.o.j.JpaBaseConfiguration$JpaWebConfiguration - spring.jpa.open-in-view is enabled by default. Therefore, database queries may be performed during view rendering. Explicitly configure spring.jpa.open-in-view to disable this warning
""2024-06-03 18:20:31 [main] INFO  c.s.TestAdminController - Started TestAdminController in 4.972 seconds (process running for 6.127)
""2024-06-03 18:20:32 [main] INFO  o.s.t.c.s.AnnotationConfigContextLoaderUtils - Could not detect default configuration classes for test class [com.sb_academic_evo.TestStaffController]: TestStaffController does not declare any static, non-private, non-final, nested classes annotated with @Configuration.
""2024-06-03 18:20:32 [main] INFO  o.s.b.t.c.SpringBootTestContextBootstrapper - Found @SpringBootConfiguration com.sb_academic_evo.SbAcademicEvoApplication for test class com.sb_academic_evo.TestStaffController
""2024-06-03 18:20:32 [main] INFO  o.s.t.c.s.AnnotationConfigContextLoaderUtils - Could not detect default configuration classes for test class [com.sb_academic_evo.TestStudentController]: TestStudentController does not declare any static, non-private, non-final, nested classes annotated with @Configuration.
""2024-06-03 18:20:32 [main] INFO  o.s.b.t.c.SpringBootTestContextBootstrapper - Found @SpringBootConfiguration com.sb_academic_evo.SbAcademicEvoApplication for test class com.sb_academic_evo.TestStudentController
""2024-06-03 18:20:32 [SpringApplicationShutdownHook] INFO  o.s.o.j.LocalContainerEntityManagerFactoryBean - Closing JPA EntityManagerFactory for persistence unit 'default'
""2024-06-03 18:20:32 [SpringApplicationShutdownHook] INFO  com.zaxxer.hikari.HikariDataSource - HikariPool-1 - Shutdown initiated...
""2024-06-03 18:20:32 [SpringApplicationShutdownHook] INFO  com.zaxxer.hikari.HikariDataSource - HikariPool-1 - Shutdown completed.
"